{"name": "test_2[1-2]", "status": "failed", "statusDetails": {"message": "AssertionError: assert 1 == 2", "trace": "y1 = 1, y2 = 2\n\n    @pytest.mark.parametrize(\"y1,y2\",d2)\n    def test_2(y1,y2):\n        print(f\"y1的值是{y1}\")\n        print(f\"y2的值是{y2}\")\n>       assert y1 == y2\nE       assert 1 == 2\n\ntest_03.py:170: AssertionError"}, "attachments": [{"name": "stdout", "source": "5f02e577-9994-43a1-a92a-a42470b290ba-attachment.txt", "type": "text/plain"}], "parameters": [{"name": "y1", "value": "1"}, {"name": "y2", "value": "2"}], "start": 1565664406694, "stop": 1565664406694, "uuid": "0e66be9c-b02b-4220-b671-0b0467e71f60", "historyId": "81656e9d8f9000e32992e88359e41aa2", "fullName": "test_03#test_2[1-2]", "labels": [{"name": "parentSuite"}, {"name": "suite", "value": "test_03"}, {"name": "subSuite"}, {"name": "host", "value": "sunzl"}, {"name": "thread", "value": "8752-MainThread"}, {"name": "framework", "value": "pytest"}, {"name": "language", "value": "cpython3"}, {"name": "package", "value": "test_03"}]}